5.00000	12.283	-58.356
5.07273	12.757	-58.302
5.14651	13.229	-58.254
5.22137	13.699	-58.212
5.29732	14.171	-58.176
5.37437	14.641	-58.149
5.45254	15.111	-58.131
5.53185	15.582	-58.124
5.61231	16.052	-58.124
5.69394	16.524	-58.134
5.77676	16.996	-58.153
5.86079	17.468	-58.183
5.94604	17.940	-58.222
6.03252	18.412	-58.272
6.12027	18.887	-58.330
6.20929	19.359	-58.398
6.29961	19.833	-58.477
6.39124	20.307	-58.565
6.48420	20.782	-58.663
6.57851	21.256	-58.772
6.67420	21.731	-58.890
6.77128	22.205	-59.019
6.86977	22.681	-59.159
6.96969	23.156	-59.309
7.07107	23.631	-59.472
7.17392	24.107	-59.643
7.27827	24.582	-59.824
7.38413	25.059	-60.020
7.49154	25.534	-60.223
7.60050	26.010	-60.439
7.71105	26.487	-60.667
7.82321	26.963	-60.906
7.93701	27.439	-61.156
8.05245	27.914	-61.418
8.16958	28.392	-61.691
8.28841	28.868	-61.978
8.40896	29.344	-62.275
8.53128	29.819	-62.586
8.65537	30.295	-62.909
8.78126	30.772	-63.246
8.90899	31.248	-63.595
9.03857	31.724	-63.958
9.17004	32.198	-64.334
9.30342	32.675	-64.725
9.43874	33.149	-65.132
9.57603	33.624	-65.554
9.71532	34.099	-65.996
9.85663	34.574	-66.458
10.0000	35.045	-66.948
10.1455	35.516	-67.468
10.2930	35.978	-68.009
10.4427	36.431	-68.543
10.5946	36.881	-69.058
10.7487	37.320	-69.513
10.9051	37.776	-69.924
11.0637	38.238	-70.347
11.2246	38.694	-70.760
11.3879	39.164	-71.179
11.5535	39.630	-71.616
11.7216	40.102	-72.053
11.8921	40.579	-72.510
12.0650	41.063	-72.994
12.2405	41.551	-73.529
12.4186	42.040	-74.126
12.5992	42.527	-74.781
12.7825	43.003	-75.463
12.9684	43.482	-76.165
13.1570	43.961	-76.921
13.3484	44.427	-77.700
13.5426	44.896	-78.508
13.7395	45.352	-79.352
13.9394	45.793	-80.177
14.1421	46.226	-80.948
14.3478	46.654	-81.637
14.5565	47.092	-82.229
14.7683	47.549	-82.767
14.9831	48.029	-83.328
15.2010	48.527	-83.969
15.4221	49.041	-84.746
15.6464	49.556	-85.707
15.8740	50.054	-86.836
16.1049	50.527	-88.086
16.3392	50.963	-89.370
16.5768	51.370	-90.557
16.8179	51.768	-91.595
17.0626	52.178	-92.506
17.3107	52.604	-93.360
17.5625	53.050	-94.250
17.8180	53.501	-95.234
18.0771	53.943	-96.308
18.3401	54.367	-97.426
18.6068	54.770	-98.497
18.8775	55.173	-99.472
19.1521	55.581	-100.356
19.4306	56.008	-101.191
19.7133	56.455	-102.054
20.0000	56.912	-102.978
20.2909	57.385	-104.012
20.5860	57.854	-105.203
20.8855	58.307	-106.487
21.1893	58.754	-107.837
21.4975	59.183	-109.253
21.8102	59.595	-110.669
22.1274	59.999	-112.063
22.4492	60.394	-113.438
22.7758	60.789	-114.793
23.1071	61.186	-116.173
23.4432	61.573	-117.599
23.7841	61.943	-119.032
24.1301	62.298	-120.432
24.4811	62.636	-121.735
24.8372	62.980	-122.916
25.1984	63.336	-124.038
25.5649	63.700	-125.139
25.9368	64.073	-126.246
26.3141	64.442	-127.361
26.6968	64.817	-128.473
27.0851	65.188	-129.563
27.4791	65.568	-130.612
27.8788	65.971	-131.681
28.2843	66.378	-132.810
28.6957	66.797	-134.027
29.1131	67.216	-135.367
29.5365	67.621	-136.801
29.9661	68.014	-138.275
30.4020	68.396	-139.768
30.8442	68.764	-141.231
31.2929	69.135	-142.638
31.7480	69.520	-144.067
32.2098	69.903	-145.557
32.6783	70.283	-147.099
33.1536	70.659	-148.710
33.6359	71.015	-150.352
34.1251	71.361	-151.974
34.6215	71.696	-153.559
35.1250	72.024	-155.082
35.6359	72.357	-156.542
36.1543	72.693	-157.956
36.6802	73.039	-159.341
37.2137	73.398	-160.739
37.7550	73.763	-162.171
38.3041	74.134	-163.644
38.8613	74.512	-165.192
39.4265	74.882	-166.799
40.0000	75.244	-168.401
40.5818	75.622	-170.017
41.1721	76.007	-171.710
41.7710	76.389	-173.477
42.3785	76.777	-175.343
42.9949	77.148	-177.313
43.6203	77.500	-179.290
44.2548	77.852	178.758
44.8985	78.205	176.819
45.5515	78.573	174.856
46.2141	78.948	172.811
46.8863	79.331	170.648
47.5683	79.715	168.332
48.2602	80.081	165.890
48.9621	80.441	163.344
49.6743	80.786	160.682
50.3968	81.110	157.942
51.1299	81.422	155.145
51.8736	81.717	152.284
52.6281	81.996	149.370
53.3936	82.255	146.407
54.1702	82.487	143.439
54.9581	82.705	140.514
55.7575	82.923	137.600
56.5685	83.130	134.657
57.3914	83.330	131.671
58.2261	83.521	128.601
59.0730	83.683	125.460
59.9323	83.819	122.317
60.8040	83.930	119.196
61.6884	84.018	116.123
62.5857	84.086	113.123
63.4960	84.140	110.196
64.4196	84.184	107.323
65.3566	84.210	104.516
66.3073	84.231	101.771
67.2717	84.241	99.056
68.2502	84.231	96.386
69.2429	84.207	93.787
70.2501	84.164	91.270
71.2719	84.108	88.863
72.3086	84.039	86.582
73.3603	83.967	84.429
74.4274	83.892	82.398
75.5099	83.819	80.472
76.6083	83.750	78.621
77.7226	83.680	76.833
78.8531	83.611	75.104
80.0000	83.540	73.434
81.1636	83.468	71.823
82.3442	83.396	70.270
83.5419	83.324	68.771
84.7570	83.253	67.321
85.9899	83.182	65.908
87.2406	83.107	64.532
88.5096	83.030	63.197
89.7970	82.937	61.935
91.1031	82.841	60.801
92.4282	82.756	59.784
93.7726	82.672	58.886
95.1366	82.624	58.062
96.5204	82.601	57.160
97.9243	82.566	56.171
99.3486	82.529	55.145
100.794	82.475	54.106
102.260	82.400	53.147
103.747	82.326	52.321
105.256	82.260	51.605
106.787	82.210	50.955
108.340	82.170	50.330
109.916	82.143	49.706
111.515	82.124	49.057
113.137	82.107	48.384
114.783	82.093	47.684
116.452	82.073	46.969
118.146	82.051	46.264
119.865	82.027	45.584
121.608	82.004	44.917
123.377	81.982	44.259
125.171	81.958	43.616
126.992	81.935	42.991
128.839	81.910	42.383
130.713	81.886	41.804
132.615	81.869	41.239
134.543	81.852	40.673
136.500	81.839	40.090
138.486	81.822	39.480
140.500	81.798	38.848
142.544	81.755	38.243
144.617	81.695	37.759
146.721	81.636	37.440
148.855	81.588	37.285
151.020	81.579	37.223
153.217	81.611	37.090
155.445	81.660	36.788
157.706	81.711	36.293
160.000	81.740	35.629
162.327	81.724	34.952
164.688	81.686	34.394
167.084	81.642	33.972
169.514	81.598	33.691
171.980	81.568	33.520
174.481	81.554	33.397
177.019	81.548	33.311
179.594	81.556	33.261
182.206	81.575	33.254
184.856	81.626	33.245
187.545	81.708	33.109
190.273	81.802	32.768
193.041	81.887	32.205
195.849	81.945	31.456
198.697	81.949	30.676
201.587	81.914	30.053
204.520	81.868	29.654
207.494	81.832	29.452
210.512	81.817	29.393
213.574	81.837	29.377
216.681	81.884	29.288
219.833	81.933	29.114
223.030	81.986	28.885
226.274	82.041	28.599
229.565	82.093	28.264
232.905	82.146	27.891
236.292	82.195	27.484
239.729	82.243	27.047
243.216	82.286	26.581
246.754	82.321	26.106
250.343	82.353	25.639
253.984	82.383	25.176
257.678	82.413	24.709
261.426	82.443	24.218
265.229	82.471	23.696
269.087	82.489	23.136
273.001	82.490	22.577
276.972	82.471	22.090
281.000	82.446	21.718
285.088	82.424	21.466
289.234	82.417	21.312
293.441	82.429	21.183
297.709	82.449	21.041
302.040	82.480	20.864
306.433	82.509	20.659
310.890	82.534	20.462
315.412	82.566	20.275
320.000	82.603	20.085
324.655	82.645	19.885
329.377	82.690	19.655
334.168	82.732	19.412
339.028	82.770	19.197
343.959	82.814	19.016
348.962	82.887	18.849
354.038	83.053	18.602
359.188	83.303	18.212
364.412	83.609	17.673
369.713	83.956	17.014
375.090	84.323	16.291
380.546	84.704	15.572
386.081	85.101	14.865
391.697	85.499	14.175
397.394	85.893	13.539
403.175	86.278	12.999
409.039	86.658	12.606
414.989	87.047	12.372
421.025	87.468	12.205
427.149	87.925	11.919
433.362	88.395	11.345
439.665	88.848	10.404
446.060	89.252	9.089
452.548	89.574	7.497
459.131	89.793	5.826
465.809	89.920	4.265
472.584	89.970	2.924
479.458	89.953	1.869
486.432	89.891	1.124
493.507	89.817	0.616
500.686	89.753	0.269
507.968	89.724	0.025
515.357	89.731	-0.260
522.853	89.740	-0.616
530.458	89.762	-1.023
538.174	89.793	-1.560
546.002	89.792	-2.162
553.943	89.777	-2.701
562.001	89.758	-3.170
570.175	89.729	-3.533
578.469	89.709	-3.766
586.883	89.712	-3.928
595.419	89.732	-4.073
604.080	89.771	-4.239
612.866	89.821	-4.462
621.780	89.873	-4.721
630.824	89.930	-4.984
640.000	89.988	-5.197
649.309	90.088	-5.384
658.753	90.233	-5.731
668.335	90.398	-6.366
678.056	90.562	-7.343
687.919	90.696	-8.659
697.925	90.766	-10.170
708.077	90.776	-11.675
718.376	90.737	-13.019
728.825	90.680	-14.136
739.426	90.617	-15.042
750.181	90.569	-15.796
761.093	90.536	-16.475
772.163	90.518	-17.150
783.394	90.508	-17.880
794.789	90.486	-18.671
806.349	90.442	-19.467
818.078	90.368	-20.167
829.977	90.272	-20.653
842.050	90.167	-20.834
854.298	90.088	-20.693
866.724	90.061	-20.318
879.330	90.098	-19.840
892.120	90.213	-19.453
905.097	90.375	-19.324
918.262	90.554	-19.471
931.618	90.749	-19.893
945.169	90.938	-20.593
958.917	91.100	-21.474
972.864	91.245	-22.432
987.015	91.381	-23.408
1001.37	91.517	-24.360
1015.94	91.681	-25.305
1030.71	91.895	-26.410
1045.71	92.135	-27.867
1060.92	92.373	-29.781
1076.35	92.570	-32.154
1092.00	92.692	-34.845
1107.89	92.737	-37.624
1124.00	92.720	-40.347
1140.35	92.665	-42.961
1156.94	92.577	-45.488
1173.77	92.450	-47.914
1190.84	92.292	-50.229
1208.16	92.083	-52.367
1225.73	91.826	-54.175
1243.56	91.552	-55.563
1261.65	91.279	-56.518
1280.00	91.040	-57.089
1298.62	90.853	-57.400
1317.51	90.726	-57.590
1336.67	90.659	-57.796
1356.11	90.641	-58.147
1375.84	90.652	-58.741
1395.85	90.661	-59.573
1416.15	90.662	-60.602
1436.75	90.631	-61.754
1457.65	90.568	-62.887
1478.85	90.494	-63.937
1500.36	90.411	-64.893
1522.19	90.330	-65.752
1544.33	90.252	-66.532
1566.79	90.176	-67.225
1589.58	90.110	-67.822
1612.70	90.053	-68.322
1636.16	90.017	-68.735
1659.95	90.006	-69.102
1684.10	90.013	-69.433
1708.60	90.054	-69.762
1733.45	90.118	-70.135
1758.66	90.203	-70.551
1784.24	90.305	-71.013
1810.19	90.421	-71.487
1836.52	90.554	-71.897
1863.24	90.733	-72.224
1890.34	90.970	-72.493
1917.83	91.308	-72.818
1945.73	91.755	-73.401
1974.03	92.321	-74.485
2002.74	92.993	-76.402
2031.87	93.702	-79.398
2061.43	94.402	-83.542
2091.41	95.060	-88.937
2121.83	95.575	-95.655
2152.69	95.959	-103.335
2184.01	96.194	-111.869
2215.77	96.226	-121.071
2248.00	96.025	-130.518
2280.70	95.618	-139.899
2313.87	94.974	-148.904
2347.53	94.127	-157.112
2381.68	93.126	-164.369
2416.32	91.924	-170.252
2451.46	90.647	-174.496
2487.12	89.353	-177.405
2523.30	88.027	-178.977
2560.00	86.891	-179.585
2597.24	85.865	-179.762
2635.01	84.900	-179.434
2673.34	84.069	-178.718
2712.23	83.279	-177.741
2751.68	82.596	-176.496
2791.70	82.044	-175.240
2832.31	81.584	-174.194
2873.50	81.185	-173.387
2915.30	80.844	-172.848
2957.70	80.544	-172.642
3000.72	80.255	-172.759
3044.37	79.986	-173.191
3088.65	79.720	-173.992
3133.58	79.439	-175.184
3179.16	79.107	-176.688
3225.40	78.714	-178.357
3272.31	78.248	179.975
3319.91	77.714	178.487
3368.20	77.144	177.263
3417.19	76.568	176.227
3466.89	75.986	175.264
3517.32	75.398	174.308
3568.48	74.801	173.219
3620.39	74.107	172.134
3673.05	73.334	171.352
3726.47	72.478	171.024
3780.67	71.514	171.440
3835.67	70.530	172.667
3891.46	69.526	174.646
3948.06	68.523	177.582
4005.49	67.579	-178.511
4063.75	66.684	-173.608
4122.86	65.946	-167.848
4182.82	65.389	-161.570
4243.66	65.058	-155.143
4305.39	64.926	-148.937
4368.01	64.937	-143.128
4431.55	65.069	-137.794
4496.01	65.282	-132.974
4561.40	65.561	-128.655
4627.75	65.889	-124.856
4695.06	66.242	-121.542
4763.35	66.606	-118.587
4832.64	67.011	-115.947
4902.93	67.439	-113.601
4974.24	67.932	-111.611
5046.60	68.467	-110.193
5120.00	68.977	-109.323
5194.47	69.478	-108.890
5270.03	69.959	-108.863
5346.68	70.400	-109.056
5424.45	70.856	-109.373
5503.35	71.337	-109.973
5583.40	71.820	-110.945
5664.61	72.249	-112.262
5747.01	72.599	-113.694
5830.60	72.888	-114.854
5915.41	73.184	-115.347
6001.45	73.665	-115.191
6088.74	74.421	-114.885
6177.30	75.520	-115.243
6267.15	76.868	-117.255
6358.31	78.306	-121.662
6450.80	79.696	-128.896
6544.62	80.871	-139.003
6639.82	81.774	-151.771
6736.40	82.299	-166.836
6834.38	82.399	176.353
6933.79	81.885	159.165
7034.64	80.740	143.732
7136.96	79.059	131.620
7240.77	76.762	123.968
7346.09	74.083	121.186
7452.94	71.635	122.280
7561.35	69.581	125.917
7671.33	68.345	130.528
7782.91	67.635	134.830
7896.12	67.431	137.990
8010.97	67.544	139.011
8127.49	67.672	137.649
8245.71	67.687	134.252
8365.65	67.392	129.677
8487.33	66.750	125.305
8610.78	65.875	122.102
8736.03	64.835	120.505
8863.09	63.825	120.479
8992.01	63.032	121.387
9122.80	62.492	122.359
9255.50	62.177	122.777
9390.12	61.961	122.362
9526.70	61.808	121.036
9665.27	61.654	118.771
9805.86	61.516	115.361
9948.49	61.318	110.546
10093.2	61.011	104.162
10240.0	60.300	97.090
10388.9	59.142	91.251
10540.1	57.627	87.739
10693.4	55.657	87.265
10848.9	53.603	89.941
11006.7	52.051	94.240
11166.8	50.885	98.706
11329.2	50.150	102.651
11494.0	49.533	105.785
11661.2	48.972	108.210
11830.8	48.381	110.097
12002.9	47.714	111.851
12177.5	46.973	113.888
12354.6	46.189	116.436
12534.3	45.372	119.715
12716.6	44.621	123.812
12901.6	44.047	128.334
13089.2	43.637	132.811
13279.6	43.404	136.848
13472.8	43.280	140.106
13668.8	43.190	142.475
13867.6	43.063	144.003
14069.3	42.832	144.939
14273.9	42.460	145.684
14481.5	41.933	146.783
14692.2	41.285	148.755
14905.9	40.596	151.857
15122.7	39.934	156.165
15342.7	39.432	161.472
15565.8	39.173	167.281
15792.2	39.166	173.087
16021.9	39.433	178.371
16255.0	39.888	-177.358
16491.4	40.486	-174.431
16731.3	41.116	-173.151
16974.7	41.654	-173.502
17221.6	42.032	-175.219
17472.1	42.191	-177.853
17726.2	42.102	179.286
17984.0	41.795	176.781
18245.6	41.279	175.203
18511.0	40.647	175.007
18780.2	40.004	176.248
19053.4	39.445	178.721
19330.5	39.083	-178.027
19611.7	38.973	-174.683
19897.0	39.050	-171.873
20186.4	39.217	-169.875
20480.0	39.389	-168.642
20777.9	39.533	-168.026
21080.1	39.615	-167.828
21386.7	39.632	-167.809
21697.8	39.602	-167.763
22013.4	39.535	-167.589
22333.6	39.455	-167.237
22658.4	39.380	-166.668
22988.0	39.334	-165.907
23322.4	39.340	-165.092
23661.6	39.391	-164.369
24005.8	39.483	-163.792
24355.0	39.599	-163.461
24709.2	39.724	-163.378
25068.6	39.855	-163.547
25433.2	39.965	-163.900
25803.2	40.068	-164.407
26178.5	40.156	-164.991
26559.3	40.228	-165.584
26945.6	40.329	-166.149
27337.5	40.447	-166.853
27735.2	40.581	-167.705
28138.6	40.719	-168.750
28547.9	40.845	-169.951
28963.1	40.958	-171.193
29384.4	41.069	-172.378
29811.8	41.223	-173.461
30245.4	41.450	-174.562
30685.3	41.775	-175.847
31131.7	42.227	-177.605
31584.5	42.781	179.792
32043.9	43.407	176.031
32510.0	44.061	170.781
32982.8	44.671	163.772
33462.6	45.166	154.741
33949.3	45.400	143.608
34443.1	45.208	131.103
34944.1	44.565	118.290
35452.4	43.424	106.421
35968.0	41.756	96.837
36491.2	39.690	90.565
37022.0	37.435	87.845
37560.5	35.172	88.173
38106.8	33.133	90.432
38661.1	31.452	93.963
39223.4	30.274	96.734
39793.9	29.343	98.758
