5.00000	11.753	-51.496
5.07273	12.232	-51.451
5.14651	12.711	-51.415
5.22137	13.191	-51.388
5.29732	13.673	-51.370
5.37437	14.154	-51.361
5.45254	14.635	-51.362
5.53185	15.117	-51.374
5.61231	15.599	-51.393
5.69394	16.082	-51.423
5.77676	16.565	-51.462
5.86079	17.048	-51.512
5.94604	17.532	-51.571
6.03252	18.015	-51.641
6.12027	18.500	-51.720
6.20929	18.984	-51.810
6.29961	19.469	-51.910
6.39124	19.955	-52.020
6.48420	20.440	-52.141
6.57851	20.926	-52.272
6.67420	21.412	-52.413
6.77128	21.898	-52.566
6.86977	22.384	-52.729
6.96969	22.870	-52.903
7.07107	23.357	-53.089
7.17392	23.844	-53.285
7.27827	24.330	-53.492
7.38413	24.818	-53.712
7.49154	25.305	-53.941
7.60050	25.792	-54.183
7.71105	26.280	-54.437
7.82321	26.767	-54.701
7.93701	27.254	-54.978
8.05245	27.741	-55.267
8.16958	28.230	-55.567
8.28841	28.717	-55.881
8.40896	29.204	-56.205
8.53128	29.691	-56.543
8.65537	30.178	-56.893
8.78126	30.665	-57.256
8.90899	31.153	-57.632
9.03857	31.640	-58.020
9.17004	32.126	-58.422
9.30342	32.613	-58.836
9.43874	33.099	-59.264
9.57603	33.585	-59.704
9.71532	34.071	-60.159
9.85663	34.557	-60.627
10.0000	35.041	-61.109
10.1455	35.526	-61.605
10.2930	36.011	-62.115
10.4427	36.495	-62.638
10.5946	36.978	-63.177
10.7487	37.461	-63.729
10.9051	37.943	-64.296
11.0637	38.426	-64.877
11.2246	38.907	-65.473
11.3879	39.388	-66.085
11.5535	39.869	-66.710
11.7216	40.348	-67.351
11.8921	40.826	-68.007
12.0650	41.305	-68.678
12.2405	41.782	-69.364
12.4186	42.258	-70.065
12.5992	42.734	-70.782
12.7825	43.208	-71.514
12.9684	43.681	-72.261
13.1570	44.154	-73.025
13.3484	44.625	-73.803
13.5426	45.094	-74.598
13.7395	45.564	-75.408
13.9394	46.031	-76.233
14.1421	46.498	-77.074
14.3478	46.962	-77.931
14.5565	47.427	-78.802
14.7683	47.888	-79.689
14.9831	48.349	-80.591
15.2010	48.808	-81.510
15.4221	49.266	-82.442
15.6464	49.721	-83.390
15.8740	50.176	-84.353
16.1049	50.627	-85.330
16.3392	51.078	-86.322
16.5768	51.527	-87.328
16.8179	51.973	-88.349
17.0626	52.419	-89.383
17.3107	52.861	-90.431
17.5625	53.302	-91.492
17.8180	53.741	-92.566
18.0771	54.177	-93.652
18.3401	54.611	-94.752
18.6068	55.043	-95.863
18.8775	55.474	-96.987
19.1521	55.901	-98.122
19.4306	56.326	-99.267
19.7133	56.750	-100.424
20.0000	57.171	-101.591
20.2909	57.589	-102.768
20.5860	58.006	-103.955
20.8855	58.420	-105.150
21.1893	58.832	-106.355
21.4975	59.241	-107.569
21.8102	59.649	-108.790
22.1274	60.054	-110.019
22.4492	60.456	-111.256
22.7758	60.857	-112.498
23.1071	61.255	-113.749
23.4432	61.651	-115.005
23.7841	62.046	-116.269
24.1301	62.438	-117.538
24.4811	62.829	-118.812
24.8372	63.218	-120.092
25.1984	63.604	-121.378
25.5649	63.988	-122.668
25.9368	64.372	-123.964
26.3141	64.753	-125.264
26.6968	65.134	-126.570
27.0851	65.512	-127.881
27.4791	65.889	-129.197
27.8788	66.266	-130.519
28.2843	66.640	-131.845
28.6957	67.014	-133.178
29.1131	67.386	-134.517
29.5365	67.758	-135.862
29.9661	68.129	-137.214
30.4020	68.499	-138.573
30.8442	68.869	-139.941
31.2929	69.238	-141.316
31.7480	69.606	-142.701
32.2098	69.974	-144.096
32.6783	70.342	-145.503
33.1536	70.710	-146.920
33.6359	71.077	-148.351
34.1251	71.445	-149.796
34.6215	71.812	-151.255
35.1250	72.180	-152.732
35.6359	72.548	-154.227
36.1543	72.916	-155.741
36.6802	73.284	-157.276
37.2137	73.652	-158.835
37.7550	74.021	-160.418
38.3041	74.389	-162.027
38.8613	74.758	-163.666
39.4265	75.127	-165.337
40.0000	75.496	-167.041
40.5818	75.864	-168.781
41.1721	76.233	-170.558
41.7710	76.601	-172.377
42.3785	76.968	-174.241
42.9949	77.334	-176.151
43.6203	77.698	-178.111
44.2548	78.061	179.877
44.8985	78.422	177.809
45.5515	78.780	175.684
46.2141	79.134	173.498
46.8863	79.485	171.248
47.5683	79.830	168.933
48.2602	80.170	166.551
48.9621	80.503	164.101
49.6743	80.828	161.582
50.3968	81.145	158.994
51.1299	81.453	156.338
51.8736	81.748	153.615
52.6281	82.032	150.829
53.3936	82.302	147.983
54.1702	82.557	145.081
54.9581	82.797	142.132
55.7575	83.021	139.142
56.5685	83.226	136.120
57.3914	83.414	133.075
58.2261	83.582	130.018
59.0730	83.732	126.958
59.9323	83.863	123.909
60.8040	83.974	120.878
61.6884	84.066	117.879
62.5857	84.141	114.921
63.4960	84.198	112.013
64.4196	84.239	109.162
65.3566	84.264	106.379
66.3073	84.276	103.668
67.2717	84.275	101.033
68.2502	84.262	98.478
69.2429	84.239	96.008
70.2501	84.206	93.623
71.2719	84.166	91.322
72.3086	84.118	89.106
73.3603	84.065	86.976
74.4274	84.007	84.928
75.5099	83.944	82.963
76.6083	83.879	81.076
77.7226	83.811	79.266
78.8531	83.742	77.530
80.0000	83.671	75.865
81.1636	83.599	74.268
82.3442	83.527	72.737
83.5419	83.455	71.268
84.7570	83.384	69.860
85.9899	83.313	68.508
87.2406	83.243	67.210
88.5096	83.175	65.965
89.7970	83.107	64.768
91.1031	83.041	63.618
92.4282	82.977	62.513
93.7726	82.914	61.449
95.1366	82.854	60.426
96.5204	82.795	59.441
97.9243	82.738	58.492
99.3486	82.683	57.578
100.794	82.630	56.697
102.260	82.579	55.847
103.747	82.530	55.027
105.256	82.483	54.235
106.787	82.439	53.470
108.340	82.396	52.731
109.916	82.355	52.016
111.515	82.316	51.324
113.137	82.279	50.656
114.783	82.245	50.007
116.452	82.211	49.380
118.146	82.181	48.771
119.865	82.152	48.182
121.608	82.124	47.609
123.377	82.099	47.054
125.171	82.075	46.514
126.992	82.053	45.991
128.839	82.032	45.481
130.713	82.013	44.986
132.615	81.997	44.504
134.543	81.982	44.034
136.500	81.968	43.576
138.486	81.956	43.131
140.500	81.945	42.696
142.544	81.936	42.272
144.617	81.929	41.859
146.721	81.923	41.454
148.855	81.918	41.058
151.020	81.915	40.672
153.217	81.913	40.294
155.445	81.913	39.924
157.706	81.914	39.561
160.000	81.916	39.204
162.327	81.920	38.856
164.688	81.924	38.513
167.084	81.930	38.177
169.514	81.937	37.845
171.980	81.945	37.520
174.481	81.954	37.199
177.019	81.965	36.883
179.594	81.977	36.572
182.206	81.989	36.264
184.856	82.003	35.962
187.545	82.017	35.661
190.273	82.033	35.365
193.041	82.050	35.071
195.849	82.067	34.781
198.697	82.086	34.493
201.587	82.105	34.208
204.520	82.125	33.925
207.494	82.146	33.643
210.512	82.168	33.364
213.574	82.190	33.086
216.681	82.214	32.808
219.833	82.238	32.533
223.030	82.263	32.258
226.274	82.288	31.984
229.565	82.314	31.710
232.905	82.341	31.437
236.292	82.368	31.164
239.729	82.396	30.891
243.216	82.425	30.618
246.754	82.454	30.345
250.343	82.484	30.071
253.984	82.514	29.797
257.678	82.544	29.522
261.426	82.574	29.245
265.229	82.606	28.970
269.087	82.637	28.691
273.001	82.670	28.413
276.972	82.703	28.132
281.000	82.735	27.851
285.088	82.768	27.568
289.234	82.801	27.283
293.441	82.835	26.997
297.709	82.868	26.709
302.040	82.902	26.420
306.433	82.937	26.129
310.890	82.971	25.835
315.412	83.005	25.540
320.000	83.040	25.242
324.655	83.075	24.943
329.377	83.109	24.641
334.168	83.145	24.337
339.028	83.180	24.032
343.959	83.215	23.723
348.962	83.268	23.400
354.038	83.394	23.024
359.188	83.588	22.599
364.412	83.837	22.146
369.713	84.133	21.682
375.090	84.466	21.217
380.546	84.827	20.746
386.081	85.201	20.280
391.697	85.576	19.868
397.394	85.951	19.560
403.175	86.326	19.406
409.039	86.720	19.422
414.989	87.152	19.512
421.025	87.624	19.507
427.149	88.116	19.248
433.362	88.599	18.649
439.665	89.047	17.703
446.060	89.432	16.480
452.548	89.745	15.106
459.131	89.992	13.649
465.809	90.159	12.156
472.584	90.239	10.735
479.458	90.227	9.533
486.432	90.143	8.688
493.507	90.032	8.197
500.686	89.938	7.967
507.968	89.891	7.878
515.357	89.896	7.697
522.853	89.889	7.386
530.458	89.879	7.048
538.174	89.862	6.682
546.002	89.816	6.387
553.943	89.779	6.220
562.001	89.745	6.141
570.175	89.716	6.169
578.469	89.710	6.277
586.883	89.717	6.436
595.419	89.753	6.613
604.080	89.815	6.721
612.866	89.888	6.722
621.780	89.966	6.627
630.824	90.044	6.450
640.000	90.111	6.256
649.309	90.196	6.053
658.753	90.288	5.769
668.335	90.384	5.396
678.056	90.486	4.905
687.919	90.579	4.280
697.925	90.658	3.543
708.077	90.712	2.726
718.376	90.736	1.907
728.825	90.733	1.181
739.426	90.715	0.606
750.181	90.702	0.168
761.093	90.695	-0.161
772.163	90.707	-0.434
783.394	90.728	-0.724
794.789	90.735	-0.974
806.349	90.747	-1.098
818.078	90.780	-1.114
829.977	90.841	-1.059
842.050	90.947	-1.010
854.298	91.105	-1.138
866.724	91.284	-1.575
879.330	91.459	-2.333
892.120	91.616	-3.414
905.097	91.715	-4.723
918.262	91.757	-6.068
931.618	91.750	-7.301
945.169	91.710	-8.312
958.917	91.660	-9.054
972.864	91.627	-9.571
987.015	91.624	-9.956
1001.37	91.651	-10.325
1015.94	91.698	-10.775
1030.71	91.735	-11.294
1045.71	91.759	-11.777
1060.92	91.783	-12.135
1076.35	91.829	-12.329
1092.00	91.941	-12.490
1107.89	92.110	-12.869
1124.00	92.294	-13.599
1140.35	92.475	-14.721
1156.94	92.603	-16.143
1173.77	92.676	-17.632
1190.84	92.728	-19.089
1208.16	92.759	-20.513
1225.73	92.781	-21.911
1243.56	92.796	-23.341
1261.65	92.781	-24.793
1280.00	92.740	-26.200
1298.62	92.669	-27.489
1317.51	92.582	-28.599
1336.67	92.495	-29.530
1356.11	92.408	-30.299
1375.84	92.334	-30.921
1395.85	92.280	-31.457
1416.15	92.235	-31.940
1436.75	92.206	-32.380
1457.65	92.189	-32.800
1478.85	92.184	-33.216
1500.36	92.186	-33.640
1522.19	92.191	-34.059
1544.33	92.196	-34.442
1566.79	92.215	-34.784
1589.58	92.242	-35.097
1612.70	92.283	-35.392
1636.16	92.333	-35.698
1659.95	92.382	-35.984
1684.10	92.433	-36.178
1708.60	92.503	-36.258
1733.45	92.602	-36.255
1758.66	92.731	-36.198
1784.24	92.893	-36.095
1810.19	93.107	-36.010
1836.52	93.352	-35.966
1863.24	93.650	-35.948
1890.34	94.008	-36.027
1917.83	94.438	-36.283
1945.73	94.941	-36.756
1974.03	95.569	-37.658
2002.74	96.284	-39.349
2031.87	97.012	-41.963
2061.43	97.750	-45.582
2091.41	98.448	-50.393
2121.83	98.998	-56.391
2152.69	99.436	-63.200
2184.01	99.736	-70.746
2215.77	99.845	-78.820
2248.00	99.743	-87.004
2280.70	99.452	-94.909
2313.87	98.998	-102.268
2347.53	98.438	-109.023
2381.68	97.778	-115.161
2416.32	97.066	-120.749
2451.46	96.245	-125.718
2487.12	95.296	-129.621
2523.30	94.309	-132.303
2560.00	93.287	-133.764
2597.24	92.319	-134.027
2635.01	91.545	-133.529
2673.34	90.905	-132.678
2712.23	90.450	-131.766
2751.68	90.102	-131.056
2791.70	89.852	-130.637
2832.31	89.663	-130.597
2873.50	89.509	-130.952
2915.30	89.365	-131.671
2957.70	89.221	-132.702
3000.72	89.070	-134.026
3044.37	88.893	-135.589
3088.65	88.688	-137.326
3133.58	88.450	-139.195
3179.16	88.164	-141.097
3225.40	87.842	-142.934
3272.31	87.488	-144.664
3319.91	87.106	-146.236
3368.20	86.706	-147.603
3417.19	86.310	-148.799
3466.89	85.914	-149.878
3517.32	85.513	-150.834
3568.48	85.120	-151.687
3620.39	84.719	-152.445
3673.05	84.309	-153.051
3726.47	83.904	-153.483
3780.67	83.500	-153.727
3835.67	83.120	-153.826
3891.46	82.772	-153.916
3948.06	82.449	-153.992
4005.49	82.141	-154.094
4063.75	81.833	-154.218
4122.86	81.510	-154.285
4182.82	81.174	-154.176
4243.66	80.848	-153.837
4305.39	80.553	-153.300
4368.01	80.307	-152.667
4431.55	80.115	-152.075
4496.01	79.962	-151.643
4561.40	79.825	-151.420
4627.75	79.672	-151.332
4695.06	79.501	-151.238
4763.35	79.331	-151.063
4832.64	79.171	-150.822
4902.93	79.032	-150.557
4974.24	78.919	-150.361
5046.60	78.805	-150.284
5120.00	78.655	-150.180
5194.47	78.482	-149.848
5270.03	78.307	-149.153
5346.68	78.158	-147.993
5424.45	78.103	-146.402
5503.35	78.189	-144.643
5583.40	78.428	-143.009
5664.61	78.786	-141.776
5747.01	79.226	-141.119
5830.60	79.723	-141.022
5915.41	80.284	-141.402
6001.45	80.987	-142.511
6088.74	81.730	-144.552
6177.30	82.569	-147.776
6267.15	83.437	-152.884
6358.31	84.100	-159.947
6450.80	84.485	-168.360
6544.62	84.567	-177.492
6639.82	84.298	173.576
6736.40	83.751	165.759
6834.38	83.041	159.514
6933.79	82.335	154.811
7034.64	81.776	151.106
7136.96	81.442	147.526
7240.77	81.310	143.170
7346.09	81.275	137.325
7452.94	81.178	129.600
7561.35	80.813	120.373
7671.33	80.082	110.676
7782.91	78.946	101.637
7896.12	77.400	94.285
8010.97	75.539	89.321
8127.49	73.521	86.956
8245.71	71.447	87.163
8365.65	69.446	89.795
8487.33	67.620	94.443
8610.78	66.061	100.573
8736.03	64.832	107.704
8863.09	63.971	115.414
8992.01	63.453	123.422
9122.80	63.334	131.364
9255.50	63.652	138.652
9390.12	64.373	144.510
9526.70	65.366	148.131
9665.27	66.449	148.867
9805.86	67.395	146.701
9948.49	68.107	142.138
10093.2	68.525	135.873
10240.0	68.614	128.715
10388.9	68.367	121.561
10540.1	67.859	115.124
10693.4	67.139	109.784
10848.9	66.311	105.717
11006.7	65.466	102.743
11166.8	64.679	100.490
11329.2	63.960	98.587
11494.0	63.317	96.700
11661.2	62.690	94.632
11830.8	62.038	92.381
12002.9	61.303	90.163
12177.5	60.496	88.221
12354.6	59.615	86.693
12534.3	58.688	85.628
12716.6	57.710	85.074
12901.6	56.682	85.262
13089.2	55.622	86.462
13279.6	54.549	88.880
13472.8	53.543	92.520
13668.8	52.748	97.061
13867.6	52.254	101.826
14069.3	52.035	106.113
14273.9	51.974	109.598
14481.5	52.015	112.276
14692.2	52.090	114.345
14905.9	52.324	115.616
15122.7	52.609	115.581
15342.7	52.820	114.299
15565.8	52.977	111.803
15792.2	52.939	108.226
16021.9	52.657	104.274
16255.0	52.197	100.436
16491.4	51.545	97.045
16731.3	50.760	94.400
16974.7	49.855	92.686
17221.6	48.848	92.142
17472.1	47.789	92.983
17726.2	46.779	95.244
17984.0	45.921	98.590
18245.6	45.289	102.544
18511.0	44.933	106.484
18780.2	44.812	109.778
19053.4	44.822	112.047
19330.5	44.875	113.106
19611.7	44.853	113.061
19897.0	44.665	112.410
20186.4	44.313	111.775
20480.0	43.802	111.725
20777.9	43.180	112.796
21080.1	42.601	115.120
21386.7	42.185	118.301
21697.8	41.998	121.793
22013.4	42.054	124.894
22333.6	42.243	127.077
22658.4	42.470	128.228
22988.0	42.643	128.526
23322.4	42.738	128.291
23661.6	42.738	127.873
24005.8	42.654	127.727
24355.0	42.569	128.042
24709.2	42.546	128.763
25068.6	42.642	129.686
25433.2	42.908	130.412
25803.2	43.315	130.340
26178.5	43.759	129.187
26559.3	44.163	126.938
26945.6	44.487	123.829
27337.5	44.703	120.069
27735.2	44.816	115.985
28138.6	44.851	111.721
28547.9	44.813	107.340
28963.1	44.718	102.889
29384.4	44.573	98.322
29811.8	44.360	93.690
30245.4	44.095	89.054
30685.3	43.800	84.370
31131.7	43.483	79.466
31584.5	43.116	74.191
32043.9	42.677	68.438
32510.0	42.061	62.418
32982.8	41.255	56.629
33462.6	40.218	51.584
33949.3	38.956	47.922
34443.1	37.602	45.991
34944.1	36.245	45.675
35452.4	34.942	46.902
35968.0	33.879	49.215
36491.2	33.021	52.032
37022.0	32.434	54.857
37560.5	32.045	57.105
38106.8	31.772	58.459
38661.1	31.543	58.976
39223.4	31.323	58.696
39793.9	31.092	57.833
